07-11-18 14:50:50. Error Info : No translated word : Warning, some data has been modified. . Error location : Unknown
07-11-18 14:50:50. Error Info : No translated word : Cancel . Error location : Unknown
07-11-18 14:50:50. Error Info : No translated word : Save and quit . Error location : Unknown
07-11-18 14:50:50. Error Info : No translated word : Quit without saving . Error location : Unknown
07-11-18 14:50:51. Error Info : No translated word : Warning, some data has been modified. . Error location : Unknown
07-11-18 14:50:51. Error Info : No translated word : Cancel . Error location : Unknown
07-11-18 14:50:51. Error Info : No translated word : Save and quit . Error location : Unknown
07-11-18 14:50:51. Error Info : No translated word : Quit without saving . Error location : Unknown
07-11-18 14:50:51. Error Info : No translated word : Territory . Error location : Unknown
07-11-18 14:50:51. Error Info : No translated word : File . Error location : Unknown
07-11-18 14:50:51. Error Info : No translated word : Edit . Error location : Unknown
07-11-18 14:50:51. Error Info : No translated word : Help . Error location : Unknown
07-11-18 14:50:51. Error Info : No translated word : New . Error location : Unknown
07-11-18 14:50:51. Error Info : No translated word : Open . Error location : Unknown
07-11-18 14:50:51. Error Info : No translated word : Save as . Error location : Unknown
07-11-18 14:50:51. Error Info : No translated word : Save . Error location : Unknown
07-11-18 14:50:51. Error Info : No translated word : Change Language . Error location : Unknown
07-11-18 14:50:51. Error Info : No translated word : Help . Error location : Unknown
07-11-18 14:50:51. Error Info : No translated word : About . Error location : Unknown
07-11-18 14:50:51. Error Info : No translated word : Import data . Error location : Unknown
07-11-18 14:50:51. Error Info : No translated word : Export data . Error location : Unknown
07-11-18 14:50:51. Error Info : No translated word : Exit . Error location : Unknown
07-11-18 14:50:51. Error Info : No translated word : Products . Error location : Unknown
07-11-18 14:50:51. Error Info : No translated word : Units . Error location : Unknown
07-11-18 14:50:51. Error Info : No translated word : Charges . Error location : Unknown
07-11-18 14:50:51. Error Info : No translated word : Externalites . Error location : Unknown
07-11-18 14:50:51. Error Info : No translated word : Data management . Error location : Unknown
07-11-18 14:50:51. Error Info : No translated word : Dictionnary defintion . Error location : Unknown
07-11-18 14:50:51. Error Info : No translated word : Phases . Error location : Unknown
07-11-18 14:50:51. Error Info : No translated word : Calendars . Error location : Unknown
07-11-18 14:50:51. Error Info : No translated word : Activity . Error location : Unknown
07-11-18 14:50:51. Error Info : No translated word : Farm . Error location : Unknown
07-11-18 14:50:51. Error Info : No translated word : Operational costs . Error location : Unknown
07-11-18 14:50:51. Error Info : No translated word : Structural costs . Error location : Unknown
07-11-18 14:50:51. Error Info : No translated word : Region . Error location : Unknown
07-11-18 14:50:51. Error Info : No translated word : Upload data . Error location : Unknown
07-11-18 14:50:51. Error Info : No translated word : Save . Error location : Unknown
07-11-18 14:50:51. Error Info : No translated word : Remove . Error location : Unknown
07-11-18 14:50:51. Error Info : No translated word : Cancel . Error location : Unknown
07-11-18 14:50:51. Error Info : No translated word : Add . Error location : Unknown
07-11-18 14:50:51. Error Info : No translated word : Expenses/Incomes . Error location : Unknown
07-11-18 14:50:51. Error Info : No translated word : Family . Error location : Unknown
07-11-18 14:50:51. Error Info : No translated word : Farm . Error location : Unknown
07-11-18 14:50:51. Error Info : No translated word : Misc Expenses . Error location : Unknown
07-11-18 14:50:51. Error Info : No translated word : Others revenues . Error location : Unknown
07-11-18 14:50:51. Error Info : No translated word : Revenues . Error location : Unknown
07-11-18 14:50:51. Error Info : No translated word : Expenses . Error location : Unknown
07-11-18 14:50:51. Error Info : No translated word : View . Error location : Unknown
07-11-18 14:50:51. Error Info : No translated word : 'Olympe' view . Error location : Unknown
07-11-18 14:50:51. Error Info : No translated word : 'Standard' view . Error location : Unknown
07-11-18 14:50:51. Error Info : No translated word : Current Farm result . Error location : Unknown
07-11-18 14:50:51. Error Info : No translated word : Herds . Error location : Unknown
07-11-18 14:50:51. Error Info : No translated word : Manage GPS points . Error location : Unknown
07-11-18 14:50:51. Error Info : No translated word : Import GPS points . Error location : Unknown
07-11-18 14:50:51. Error Info : No translated word : GPS Data management . Error location : Unknown
07-11-18 14:50:51. Error Info : No translated word : Manage lines color . Error location : Unknown
07-11-18 14:50:51. Error Info : No translated word : A Territory regoups a couple of farms and data about vilage, forest and others map elements (mountains,rivers...) . Error location : Unknown
07-11-18 14:50:51. Error Info : No translated word : A Territory regoups a couple of farms and data about vilage, forest and others map elements (mountains,rivers...) . Error location : Unknown
07-11-18 14:50:51. Error Info : No translated word : An Activity may be a crop, a breeding, or others elements connected with farmer's activities . Error location : Unknown
07-11-18 14:50:51. Error Info : No translated word : An Activity may be a crop, a breeding, or others elements connected with farmer's activities . Error location : Unknown
07-11-18 14:50:51. Error Info : No translated word : A farm regoups several farmers and is based on group of activities . Error location : Unknown
07-11-18 14:50:51. Error Info : No translated word : A farm regoups several farmers and is based on group of activities . Error location : Unknown
07-11-18 14:50:51. Error Info : No translated word : Home Page . Error location : Unknown
07-11-18 14:50:51. Error Info : No translated word : Hazard . Error location : Unknown
07-11-18 14:50:51. Error Info : No translated word : Price . Error location : Unknown
07-11-18 14:50:51. Error Info : No translated word : Quantity . Error location : Unknown
07-11-18 14:50:51. Error Info : No translated word : Font . Error location : Unknown
07-11-18 14:52:00. Error Info : No translated word : Warning, some data has been modified. . Error location : Unknown
07-11-18 14:52:00. Error Info : No translated word : Cancel . Error location : Unknown
07-11-18 14:52:00. Error Info : No translated word : Save and quit . Error location : Unknown
07-11-18 14:52:00. Error Info : No translated word : Quit without saving . Error location : Unknown
07-11-18 14:52:00. Error Info : No translated word : Warning, some data has been modified. . Error location : Unknown
07-11-18 14:52:00. Error Info : No translated word : Cancel . Error location : Unknown
07-11-18 14:52:00. Error Info : No translated word : Save and quit . Error location : Unknown
07-11-18 14:52:00. Error Info : No translated word : Quit without saving . Error location : Unknown
07-11-18 14:52:00. Error Info : No translated word : Territory . Error location : Unknown
07-11-18 14:52:00. Error Info : No translated word : File . Error location : Unknown
07-11-18 14:52:00. Error Info : No translated word : Edit . Error location : Unknown
07-11-18 14:52:00. Error Info : No translated word : Help . Error location : Unknown
07-11-18 14:52:00. Error Info : No translated word : New . Error location : Unknown
07-11-18 14:52:00. Error Info : No translated word : Open . Error location : Unknown
07-11-18 14:52:00. Error Info : No translated word : Save as . Error location : Unknown
07-11-18 14:52:00. Error Info : No translated word : Save . Error location : Unknown
07-11-18 14:52:00. Error Info : No translated word : Change Language . Error location : Unknown
07-11-18 14:52:00. Error Info : No translated word : Help . Error location : Unknown
07-11-18 14:52:00. Error Info : No translated word : About . Error location : Unknown
07-11-18 14:52:00. Error Info : No translated word : Import data . Error location : Unknown
07-11-18 14:52:00. Error Info : No translated word : Export data . Error location : Unknown
07-11-18 14:52:00. Error Info : No translated word : Exit . Error location : Unknown
07-11-18 14:52:00. Error Info : No translated word : Products . Error location : Unknown
07-11-18 14:52:00. Error Info : No translated word : Units . Error location : Unknown
07-11-18 14:52:00. Error Info : No translated word : Charges . Error location : Unknown
07-11-18 14:52:00. Error Info : No translated word : Externalites . Error location : Unknown
07-11-18 14:52:00. Error Info : No translated word : Data management . Error location : Unknown
07-11-18 14:52:00. Error Info : No translated word : Dictionnary defintion . Error location : Unknown
07-11-18 14:52:00. Error Info : No translated word : Phases . Error location : Unknown
07-11-18 14:52:00. Error Info : No translated word : Calendars . Error location : Unknown
07-11-18 14:52:00. Error Info : No translated word : Activity . Error location : Unknown
07-11-18 14:52:00. Error Info : No translated word : Farm . Error location : Unknown
07-11-18 14:52:00. Error Info : No translated word : Operational costs . Error location : Unknown
07-11-18 14:52:00. Error Info : No translated word : Structural costs . Error location : Unknown
07-11-18 14:52:00. Error Info : No translated word : Region . Error location : Unknown
07-11-18 14:52:00. Error Info : No translated word : Upload data . Error location : Unknown
07-11-18 14:52:00. Error Info : No translated word : Save . Error location : Unknown
07-11-18 14:52:00. Error Info : No translated word : Remove . Error location : Unknown
07-11-18 14:52:00. Error Info : No translated word : Cancel . Error location : Unknown
07-11-18 14:52:00. Error Info : No translated word : Add . Error location : Unknown
07-11-18 14:52:00. Error Info : No translated word : Expenses/Incomes . Error location : Unknown
07-11-18 14:52:00. Error Info : No translated word : Family . Error location : Unknown
07-11-18 14:52:00. Error Info : No translated word : Farm . Error location : Unknown
07-11-18 14:52:00. Error Info : No translated word : Misc Expenses . Error location : Unknown
07-11-18 14:52:00. Error Info : No translated word : Others revenues . Error location : Unknown
07-11-18 14:52:00. Error Info : No translated word : Revenues . Error location : Unknown
07-11-18 14:52:00. Error Info : No translated word : Expenses . Error location : Unknown
07-11-18 14:52:00. Error Info : No translated word : View . Error location : Unknown
07-11-18 14:52:00. Error Info : No translated word : 'Olympe' view . Error location : Unknown
07-11-18 14:52:00. Error Info : No translated word : 'Standard' view . Error location : Unknown
07-11-18 14:52:00. Error Info : No translated word : Current Farm result . Error location : Unknown
07-11-18 14:52:00. Error Info : No translated word : Herds . Error location : Unknown
07-11-18 14:52:00. Error Info : No translated word : Manage GPS points . Error location : Unknown
07-11-18 14:52:00. Error Info : No translated word : Import GPS points . Error location : Unknown
07-11-18 14:52:00. Error Info : No translated word : GPS Data management . Error location : Unknown
07-11-18 14:52:00. Error Info : No translated word : Manage lines color . Error location : Unknown
07-11-18 14:52:00. Error Info : No translated word : A Territory regoups a couple of farms and data about vilage, forest and others map elements (mountains,rivers...) . Error location : Unknown
07-11-18 14:52:00. Error Info : No translated word : A Territory regoups a couple of farms and data about vilage, forest and others map elements (mountains,rivers...) . Error location : Unknown
07-11-18 14:52:00. Error Info : No translated word : An Activity may be a crop, a breeding, or others elements connected with farmer's activities . Error location : Unknown
07-11-18 14:52:00. Error Info : No translated word : An Activity may be a crop, a breeding, or others elements connected with farmer's activities . Error location : Unknown
07-11-18 14:52:00. Error Info : No translated word : A farm regoups several farmers and is based on group of activities . Error location : Unknown
07-11-18 14:52:00. Error Info : No translated word : A farm regoups several farmers and is based on group of activities . Error location : Unknown
07-11-18 14:52:00. Error Info : No translated word : Home Page . Error location : Unknown
07-11-18 14:52:00. Error Info : No translated word : Hazard . Error location : Unknown
07-11-18 14:52:00. Error Info : No translated word : Price . Error location : Unknown
07-11-18 14:52:00. Error Info : No translated word : Quantity . Error location : Unknown
07-11-18 14:52:00. Error Info : No translated word : Font . Error location : Unknown
07-11-18 14:52:01. Error Info : Data Source cannot be empty.  Use :memory: to open an in-memory database . Error location : Class SQLQueryExecuter.  Function :  RunQueryReaderStr
07-11-18 14:52:01. Error Info : Data Source cannot be empty.  Use :memory: to open an in-memory database . Error location : Class SQLQueryExecuter.  Function :  RunQueryReaderStr
07-11-18 14:52:01. Error Info : Data Source cannot be empty.  Use :memory: to open an in-memory database . Error location : Class SQLQueryExecuter.  Function :  RunQueryReaderStr
07-11-18 14:52:02. Error Info : Data Source cannot be empty.  Use :memory: to open an in-memory database . Error location : Class SQLQueryExecuter. Function :  RunQueryReaderInt
07-11-18 14:52:07. Error Info : Data Source cannot be empty.  Use :memory: to open an in-memory database . Error location : Class SQLQueryExecuter. Function :  RunQueryReaderInt
07-11-18 14:52:08. Error Info : Data Source cannot be empty.  Use :memory: to open an in-memory database . Error location : Class SQLQueryExecuter. Function :  RunQueryReaderInt
07-11-18 14:52:08. Error Info : No translated word : Home Page . Error location : Unknown
07-11-18 14:52:08. Error Info : La valeur de '0' n'est pas valide pour 'emSize'. 'emSize' doit être supérieur à 0 et inférieur ou égal à System.Single.MaxValue.
Nom du paramètre : emSize . Error location : Class Commun. Function :  GetCurrentFont
07-11-18 14:52:10. Error Info : Data Source cannot be empty.  Use :memory: to open an in-memory database . Error location : Class SQLQueryExecuter.  Function :  RunQueryReaderStr
07-11-18 14:52:10. Error Info : Data Source cannot be empty.  Use :memory: to open an in-memory database . Error location : Class SQLQueryExecuter.  Function :  RunQueryReaderStr
07-11-18 14:52:11. Error Info : Data Source cannot be empty.  Use :memory: to open an in-memory database . Error location : Class SQLQueryExecuter.  Function :  RunQueryReaderStr
07-11-18 14:52:11. Error Info : Data Source cannot be empty.  Use :memory: to open an in-memory database . Error location : Class SQLQueryExecuter. Function :  RunQueryReaderInt
07-11-18 14:52:11. Error Info : Data Source cannot be empty.  Use :memory: to open an in-memory database . Error location : Class SQLQueryExecuter. Function :  RunQueryReaderInt
07-11-18 14:52:11. Error Info : Data Source cannot be empty.  Use :memory: to open an in-memory database . Error location : Class SQLQueryExecuter. Function :  RunQueryReaderInt
07-11-18 14:52:11. Error Info : Data Source cannot be empty.  Use :memory: to open an in-memory database . Error location : Class SQLQueryExecuter. Function :  RunQueryReaderInt
